<?xml version="1.0" encoding="UTF-8"?>
<!-- Generated by org.testng.reporters.JUnitReportReporter -->
<testsuite hostname="DESKTOP-O8S5GCU" failures="0" tests="3" name="com.edu.testngtest.Home_loan" time="0.004" errors="0" timestamp="2020-12-08T12:50:03 GMT-08:00" skipped="0">
  <testcase classname="com.edu.testngtest.Home_loan" name="MobileLoginHomeLoan" time="0.001"/>
  <system-out/>
  <testcase classname="com.edu.testngtest.Home_loan" name="APILoginHomeLoan" time="0.001"/>
  <system-out/>
  <testcase classname="com.edu.testngtest.Home_loan" name="WebLoginHomeLoan" time="0.002"/>
  <system-out/>
</testsuite> <!-- com.edu.testngtest.Home_loan -->
